/*C23*/SET SCHEMA PUBLIC
DISCONNECT
/*C24*/SET SCHEMA PUBLIC
DISCONNECT
/*C25*/SET SCHEMA PUBLIC
INSERT INTO PRODUTO VALUES(10,'Mesa Azul','Mesa com 4 p\u00e9s')
COMMIT
SET SCHEMA PUBLIC
DISCONNECT
/*C26*/SET SCHEMA PUBLIC
INSERT INTO PRODUTO VALUES(11,'Mesa Azul','Mesa com 4 p\u00e9s')
COMMIT
SET SCHEMA PUBLIC
DISCONNECT
/*C22*/SET SCHEMA PUBLIC
DELETE FROM PRODUTO WHERE ID=4
DELETE FROM PRODUTO WHERE ID=6
DELETE FROM PRODUTO WHERE ID=10
DELETE FROM PRODUTO WHERE ID=11
COMMIT
/*C27*/SET SCHEMA PUBLIC
INSERT INTO PRODUTO VALUES(12,'Mesa Azul','Mesa com 4 p\u00e9s')
COMMIT
SET SCHEMA PUBLIC
DISCONNECT
/*C28*/SET SCHEMA PUBLIC
INSERT INTO PRODUTO VALUES(13,'Mesa Vermelha','Mesa com 4 p\u00e9s')
COMMIT
SET SCHEMA PUBLIC
DISCONNECT
/*C22*/create table Categoria (id INTEGER GENERATED BY DEFAULT AS IDENTITY PRIMARY KEY, nome varchar(255))
alter table Produto add column categoria_id integer
INSERT INTO CATEGORIA VALUES(0,'Eletrodom\u00e9stico')
COMMIT
INSERT INTO CATEGORIA VALUES(1,'Eletr\u00f4nico')
COMMIT
INSERT INTO CATEGORIA VALUES(2,'M\u00f3vel')
COMMIT
DELETE FROM PRODUTO WHERE ID=1
DELETE FROM PRODUTO WHERE ID=2
INSERT INTO PRODUTO VALUES(1,'Geladeira','Geladeira duas portas',0)
INSERT INTO PRODUTO VALUES(2,'Ferro de passar','Ferro de passar roupa com vaporizador',0)
COMMIT
DELETE FROM PRODUTO WHERE ID=3
INSERT INTO PRODUTO VALUES(3,'Notebook','Notebook i5',1)
COMMIT
DELETE FROM PRODUTO WHERE ID=12
DELETE FROM PRODUTO WHERE ID=13
INSERT INTO PRODUTO VALUES(12,'Mesa Azul','Mesa com 4 p\u00e9s',2)
INSERT INTO PRODUTO VALUES(13,'Mesa Vermelha','Mesa com 4 p\u00e9s',2)
COMMIT
/*C29*/SET SCHEMA PUBLIC
DISCONNECT
/*C30*/SET SCHEMA PUBLIC
DISCONNECT
/*C31*/SET SCHEMA PUBLIC
DISCONNECT
/*C22*/DISCONNECT
